
> admin-question-editor@0.0.0 dev
> vite


  VITE v7.0.2  ready in 156 ms

  ➜  Local:   http://localhost:5173/
  ➜  Network: use --host to expose
  ➜  press h + enter to show help

> admin-question-editor@0.0.0 dev
> vite


  VITE v7.0.2  ready in 158 ms

  ➜  Local:   http://localhost:5173/
  ➜  Network: use --host to expose
  ➜  press h + enter to show help

> admin-question-editor@0.0.0 dev
> vite


  VITE v7.0.2  ready in 170 ms

  ➜  Local:   http://localhost:5173/
  ➜  Network: use --host to expose
  ➜  press h + enter to show help
Server is running at http://localhost:3000
Error during Report page generation: Error: ENOENT: no such file or directory, open 'Diagnostic DataBase - Unit DB.csv'
    at async open (node:internal/fs/promises:640:25)
    at async Object.readFile (node:internal/fs/promises:1244:14)
    at async parseCsvFile (/Users/Minjae/Documents/MJ-sat-diagnostic-test/server.js:53:19)
    at async Promise.all (index 0)
    at async /Users/Minjae/Documents/MJ-sat-diagnostic-test/server.js:391:35 {
  errno: -2,
  code: 'ENOENT',
  syscall: 'open',
  path: 'Diagnostic DataBase - Unit DB.csv'
}
Error during Report page generation: Error: ENOENT: no such file or directory, open 'Diagnostic DataBase - Unit DB.csv'
    at async open (node:internal/fs/promises:640:25)
    at async Object.readFile (node:internal/fs/promises:1244:14)
    at async parseCsvFile (/Users/Minjae/Documents/MJ-sat-diagnostic-test/server.js:53:19)
    at async Promise.all (index 0)
    at async /Users/Minjae/Documents/MJ-sat-diagnostic-test/server.js:391:35 {
  errno: -2,
  code: 'ENOENT',
  syscall: 'open',
  path: 'Diagnostic DataBase - Unit DB.csv'
}
Error during Report page generation: Error: ENOENT: no such file or directory, open 'Diagnostic DataBase - Unit DB.csv'
    at async open (node:internal/fs/promises:640:25)
    at async Object.readFile (node:internal/fs/promises:1244:14)
    at async parseCsvFile (/Users/Minjae/Documents/MJ-sat-diagnostic-test/server.js:53:19)
    at async Promise.all (index 0)
    at async /Users/Minjae/Documents/MJ-sat-diagnostic-test/server.js:391:35 {
  errno: -2,
  code: 'ENOENT',
  syscall: 'open',
  path: 'Diagnostic DataBase - Unit DB.csv'
}
Error during Report page generation: Error: ENOENT: no such file or directory, open 'Diagnostic DataBase - Unit DB.csv'
    at async open (node:internal/fs/promises:640:25)
    at async Object.readFile (node:internal/fs/promises:1244:14)
    at async parseCsvFile (/Users/Minjae/Documents/MJ-sat-diagnostic-test/server.js:53:19)
    at async Promise.all (index 0)
    at async /Users/Minjae/Documents/MJ-sat-diagnostic-test/server.js:391:35 {
  errno: -2,
  code: 'ENOENT',
  syscall: 'open',
  path: 'Diagnostic DataBase - Unit DB.csv'
}
Error during Report page generation: Error: ENOENT: no such file or directory, open 'Diagnostic DataBase - Unit DB.csv'
    at async open (node:internal/fs/promises:640:25)
    at async Object.readFile (node:internal/fs/promises:1244:14)
    at async parseCsvFile (/Users/Minjae/Documents/MJ-sat-diagnostic-test/server.js:53:19)
    at async Promise.all (index 0)
    at async /Users/Minjae/Documents/MJ-sat-diagnostic-test/server.js:391:35 {
  errno: -2,
  code: 'ENOENT',
  syscall: 'open',
  path: 'Diagnostic DataBase - Unit DB.csv'
}
Error during Report page generation: Error: ENOENT: no such file or directory, open 'Diagnostic DataBase - Unit DB.csv'
    at async open (node:internal/fs/promises:640:25)
    at async Object.readFile (node:internal/fs/promises:1244:14)
    at async parseCsvFile (/Users/Minjae/Documents/MJ-sat-diagnostic-test/server.js:53:19)
    at async Promise.all (index 0)
    at async /Users/Minjae/Documents/MJ-sat-diagnostic-test/server.js:391:35 {
  errno: -2,
  code: 'ENOENT',
  syscall: 'open',
  path: 'Diagnostic DataBase - Unit DB.csv'
}
Error during Report page generation: Error: ENOENT: no such file or directory, open 'Diagnostic DataBase - Unit DB.csv'
    at async open (node:internal/fs/promises:640:25)
    at async Object.readFile (node:internal/fs/promises:1244:14)
    at async parseCsvFile (/Users/Minjae/Documents/MJ-sat-diagnostic-test/server.js:53:19)
    at async Promise.all (index 0)
    at async /Users/Minjae/Documents/MJ-sat-diagnostic-test/server.js:391:35 {
  errno: -2,
  code: 'ENOENT',
  syscall: 'open',
  path: 'Diagnostic DataBase - Unit DB.csv'
}
Error during Report page generation: Error: ENOENT: no such file or directory, open 'Diagnostic DataBase - Unit DB.csv'
    at async open (node:internal/fs/promises:640:25)
    at async Object.readFile (node:internal/fs/promises:1244:14)
    at async parseCsvFile (/Users/Minjae/Documents/MJ-sat-diagnostic-test/server.js:53:19)
    at async Promise.all (index 0)
    at async /Users/Minjae/Documents/MJ-sat-diagnostic-test/server.js:391:35 {
  errno: -2,
  code: 'ENOENT',
  syscall: 'open',
  path: 'Diagnostic DataBase - Unit DB.csv'
}
Error during Report page generation: Error: ENOENT: no such file or directory, open 'Diagnostic DataBase - Unit DB.csv'
    at async open (node:internal/fs/promises:640:25)
    at async Object.readFile (node:internal/fs/promises:1244:14)
    at async parseCsvFile (/Users/Minjae/Documents/MJ-sat-diagnostic-test/server.js:53:19)
    at async Promise.all (index 0)
    at async /Users/Minjae/Documents/MJ-sat-diagnostic-test/server.js:391:35 {
  errno: -2,
  code: 'ENOENT',
  syscall: 'open',
  path: 'Diagnostic DataBase - Unit DB.csv'
}
Error during Report page generation: Error: ENOENT: no such file or directory, open 'Diagnostic DataBase - Unit DB.csv'
    at async open (node:internal/fs/promises:640:25)
    at async Object.readFile (node:internal/fs/promises:1244:14)
    at async parseCsvFile (/Users/Minjae/Documents/MJ-sat-diagnostic-test/server.js:53:19)
    at async Promise.all (index 0)
    at async /Users/Minjae/Documents/MJ-sat-diagnostic-test/server.js:391:35 {
  errno: -2,
  code: 'ENOENT',
  syscall: 'open',
  path: 'Diagnostic DataBase - Unit DB.csv'
}
Error during Report page generation: Error: ENOENT: no such file or directory, open 'Diagnostic DataBase - Unit DB.csv'
    at async open (node:internal/fs/promises:640:25)
    at async Object.readFile (node:internal/fs/promises:1244:14)
    at async parseCsvFile (/Users/Minjae/Documents/MJ-sat-diagnostic-test/server.js:53:19)
    at async Promise.all (index 0)
    at async /Users/Minjae/Documents/MJ-sat-diagnostic-test/server.js:391:35 {
  errno: -2,
  code: 'ENOENT',
  syscall: 'open',
  path: 'Diagnostic DataBase - Unit DB.csv'
}
Error during Report page generation: Error: ENOENT: no such file or directory, open 'Diagnostic DataBase - Unit DB.csv'
    at async open (node:internal/fs/promises:640:25)
    at async Object.readFile (node:internal/fs/promises:1244:14)
    at async parseCsvFile (/Users/Minjae/Documents/MJ-sat-diagnostic-test/server.js:53:19)
    at async Promise.all (index 0)
    at async /Users/Minjae/Documents/MJ-sat-diagnostic-test/server.js:391:35 {
  errno: -2,
  code: 'ENOENT',
  syscall: 'open',
  path: 'Diagnostic DataBase - Unit DB.csv'
}
Error during Report page generation: Error: ENOENT: no such file or directory, open 'Diagnostic DataBase - Unit DB.csv'
    at async open (node:internal/fs/promises:640:25)
    at async Object.readFile (node:internal/fs/promises:1244:14)
    at async parseCsvFile (/Users/Minjae/Documents/MJ-sat-diagnostic-test/server.js:53:19)
    at async Promise.all (index 0)
    at async /Users/Minjae/Documents/MJ-sat-diagnostic-test/server.js:391:35 {
  errno: -2,
  code: 'ENOENT',
  syscall: 'open',
  path: 'Diagnostic DataBase - Unit DB.csv'
}
Error during Report page generation: Error: ENOENT: no such file or directory, open 'Diagnostic DataBase - Unit DB.csv'
    at async open (node:internal/fs/promises:640:25)
    at async Object.readFile (node:internal/fs/promises:1244:14)
    at async parseCsvFile (/Users/Minjae/Documents/MJ-sat-diagnostic-test/server.js:53:19)
    at async Promise.all (index 0)
    at async /Users/Minjae/Documents/MJ-sat-diagnostic-test/server.js:391:35 {
  errno: -2,
  code: 'ENOENT',
  syscall: 'open',
  path: 'Diagnostic DataBase - Unit DB.csv'
}
Error during Report page generation: Error: ENOENT: no such file or directory, open 'Diagnostic DataBase - Unit DB.csv'
    at async open (node:internal/fs/promises:640:25)
    at async Object.readFile (node:internal/fs/promises:1244:14)
    at async parseCsvFile (/Users/Minjae/Documents/MJ-sat-diagnostic-test/server.js:53:19)
    at async Promise.all (index 0)
    at async /Users/Minjae/Documents/MJ-sat-diagnostic-test/server.js:391:35 {
  errno: -2,
  code: 'ENOENT',
  syscall: 'open',
  path: 'Diagnostic DataBase - Unit DB.csv'
}
Error during Submit processing: Error: ENOENT: no such file or directory, open 'questions.csv'
    at async open (node:internal/fs/promises:640:25)
    at async Object.readFile (node:internal/fs/promises:1244:14)
    at async /Users/Minjae/Documents/MJ-sat-diagnostic-test/server.js:236:30 {
  errno: -2,
  code: 'ENOENT',
  syscall: 'open',
  path: 'questions.csv'
}
Error during Submit processing: Error: ENOENT: no such file or directory, open 'questions.csv'
    at async open (node:internal/fs/promises:640:25)
    at async Object.readFile (node:internal/fs/promises:1244:14)
    at async /Users/Minjae/Documents/MJ-sat-diagnostic-test/server.js:236:30 {
  errno: -2,
  code: 'ENOENT',
  syscall: 'open',
  path: 'questions.csv'
}
Error during Submit processing: Error: ENOENT: no such file or directory, open 'questions.csv'
    at async open (node:internal/fs/promises:640:25)
    at async Object.readFile (node:internal/fs/promises:1244:14)
    at async /Users/Minjae/Documents/MJ-sat-diagnostic-test/server.js:236:30 {
  errno: -2,
  code: 'ENOENT',
  syscall: 'open',
  path: 'questions.csv'
}
Server is running at http://localhost:3000
Error during Report page generation: Error: ENOENT: no such file or directory, open 'Diagnostic DataBase - Unit DB.csv'
    at async open (node:internal/fs/promises:640:25)
    at async Object.readFile (node:internal/fs/promises:1244:14)
    at async parseCsvFile (/Users/Minjae/Documents/MJ-sat-diagnostic-test/server.js:53:19)
    at async Promise.all (index 0)
    at async /Users/Minjae/Documents/MJ-sat-diagnostic-test/server.js:392:35 {
  errno: -2,
  code: 'ENOENT',
  syscall: 'open',
  path: 'Diagnostic DataBase - Unit DB.csv'
}
Error: ENOENT: no such file or directory, open 'Diagnostic DataBase - Unit DB.csv'
    at async open (node:internal/fs/promises:640:25)
    at async Object.readFile (node:internal/fs/promises:1244:14)
    at async parseCsvFile (/Users/Minjae/Documents/MJ-sat-diagnostic-test/server.js:53:19)
    at async Promise.all (index 0)
    at async /Users/Minjae/Documents/MJ-sat-diagnostic-test/server.js:392:35
Error during Submit processing: Error: ENOENT: no such file or directory, open 'questions.csv'
    at async open (node:internal/fs/promises:640:25)
    at async Object.readFile (node:internal/fs/promises:1244:14)
    at async /Users/Minjae/Documents/MJ-sat-diagnostic-test/server.js:236:30 {
  errno: -2,
  code: 'ENOENT',
  syscall: 'open',
  path: 'questions.csv'
}
Error: ENOENT: no such file or directory, open 'questions.csv'
    at async open (node:internal/fs/promises:640:25)
    at async Object.readFile (node:internal/fs/promises:1244:14)
    at async /Users/Minjae/Documents/MJ-sat-diagnostic-test/server.js:236:30
Error during Submit processing: Error: ENOENT: no such file or directory, open 'questions.csv'
    at async open (node:internal/fs/promises:640:25)
    at async Object.readFile (node:internal/fs/promises:1244:14)
    at async /Users/Minjae/Documents/MJ-sat-diagnostic-test/server.js:236:30 {
  errno: -2,
  code: 'ENOENT',
  syscall: 'open',
  path: 'questions.csv'
}
Error: ENOENT: no such file or directory, open 'questions.csv'
    at async open (node:internal/fs/promises:640:25)
    at async Object.readFile (node:internal/fs/promises:1244:14)
    at async /Users/Minjae/Documents/MJ-sat-diagnostic-test/server.js:236:30
Error during Report page generation: Error: ENOENT: no such file or directory, open 'Diagnostic DataBase - Unit DB.csv'
    at async open (node:internal/fs/promises:640:25)
    at async Object.readFile (node:internal/fs/promises:1244:14)
    at async parseCsvFile (/Users/Minjae/Documents/MJ-sat-diagnostic-test/server.js:53:19)
    at async Promise.all (index 0)
    at async /Users/Minjae/Documents/MJ-sat-diagnostic-test/server.js:392:35 {
  errno: -2,
  code: 'ENOENT',
  syscall: 'open',
  path: 'Diagnostic DataBase - Unit DB.csv'
}
Error: ENOENT: no such file or directory, open 'Diagnostic DataBase - Unit DB.csv'
    at async open (node:internal/fs/promises:640:25)
    at async Object.readFile (node:internal/fs/promises:1244:14)
    at async parseCsvFile (/Users/Minjae/Documents/MJ-sat-diagnostic-test/server.js:53:19)
    at async Promise.all (index 0)
    at async /Users/Minjae/Documents/MJ-sat-diagnostic-test/server.js:392:35
Error during Report page generation: Error: ENOENT: no such file or directory, open 'Diagnostic DataBase - Unit DB.csv'
    at async open (node:internal/fs/promises:640:25)
    at async Object.readFile (node:internal/fs/promises:1244:14)
    at async parseCsvFile (/Users/Minjae/Documents/MJ-sat-diagnostic-test/server.js:53:19)
    at async Promise.all (index 0)
    at async /Users/Minjae/Documents/MJ-sat-diagnostic-test/server.js:392:35 {
  errno: -2,
  code: 'ENOENT',
  syscall: 'open',
  path: 'Diagnostic DataBase - Unit DB.csv'
}
Error: ENOENT: no such file or directory, open 'Diagnostic DataBase - Unit DB.csv'
    at async open (node:internal/fs/promises:640:25)
    at async Object.readFile (node:internal/fs/promises:1244:14)
    at async parseCsvFile (/Users/Minjae/Documents/MJ-sat-diagnostic-test/server.js:53:19)
    at async Promise.all (index 0)
    at async /Users/Minjae/Documents/MJ-sat-diagnostic-test/server.js:392:35
Error during Report page generation: Error: ENOENT: no such file or directory, open 'Diagnostic DataBase - Question Rationale DB.csv'
    at async open (node:internal/fs/promises:640:25)
    at async Object.readFile (node:internal/fs/promises:1244:14)
    at async parseCsvFile (/Users/Minjae/Documents/MJ-sat-diagnostic-test/server.js:53:19)
    at async Promise.all (index 1)
    at async /Users/Minjae/Documents/MJ-sat-diagnostic-test/server.js:392:35 {
  errno: -2,
  code: 'ENOENT',
  syscall: 'open',
  path: 'Diagnostic DataBase - Question Rationale DB.csv'
}
Error: ENOENT: no such file or directory, open 'Diagnostic DataBase - Question Rationale DB.csv'
    at async open (node:internal/fs/promises:640:25)
    at async Object.readFile (node:internal/fs/promises:1244:14)
    at async parseCsvFile (/Users/Minjae/Documents/MJ-sat-diagnostic-test/server.js:53:19)
    at async Promise.all (index 1)
    at async /Users/Minjae/Documents/MJ-sat-diagnostic-test/server.js:392:35
Error during Report page generation: Error: ENOENT: no such file or directory, open 'Diagnostic DataBase - Unit DB.csv'
    at async open (node:internal/fs/promises:640:25)
    at async Object.readFile (node:internal/fs/promises:1244:14)
    at async parseCsvFile (/Users/Minjae/Documents/MJ-sat-diagnostic-test/server.js:53:19)
    at async Promise.all (index 0)
    at async /Users/Minjae/Documents/MJ-sat-diagnostic-test/server.js:392:35 {
  errno: -2,
  code: 'ENOENT',
  syscall: 'open',
  path: 'Diagnostic DataBase - Unit DB.csv'
}
Error: ENOENT: no such file or directory, open 'Diagnostic DataBase - Unit DB.csv'
    at async open (node:internal/fs/promises:640:25)
    at async Object.readFile (node:internal/fs/promises:1244:14)
    at async parseCsvFile (/Users/Minjae/Documents/MJ-sat-diagnostic-test/server.js:53:19)
    at async Promise.all (index 0)
    at async /Users/Minjae/Documents/MJ-sat-diagnostic-test/server.js:392:35
Server is running at http://localhost:3000
Error during Report page generation: Error: ENOENT: no such file or directory, open 'Diagnostic DataBase - Unit DB.csv'
    at async open (node:internal/fs/promises:640:25)
    at async Object.readFile (node:internal/fs/promises:1244:14)
    at async parseCsvFile (/Users/Minjae/Documents/MJ-sat-diagnostic-test/server.js:53:19)
    at async Promise.all (index 0)
    at async /Users/Minjae/Documents/MJ-sat-diagnostic-test/server.js:392:35 {
  errno: -2,
  code: 'ENOENT',
  syscall: 'open',
  path: 'Diagnostic DataBase - Unit DB.csv'
}
Error: ENOENT: no such file or directory, open 'Diagnostic DataBase - Unit DB.csv'
    at async open (node:internal/fs/promises:640:25)
    at async Object.readFile (node:internal/fs/promises:1244:14)
    at async parseCsvFile (/Users/Minjae/Documents/MJ-sat-diagnostic-test/server.js:53:19)
    at async Promise.all (index 0)
    at async /Users/Minjae/Documents/MJ-sat-diagnostic-test/server.js:392:35
Error during Report page generation: Error: ENOENT: no such file or directory, open 'Diagnostic DataBase - Unit DB.csv'
    at async open (node:internal/fs/promises:640:25)
    at async Object.readFile (node:internal/fs/promises:1244:14)
    at async parseCsvFile (/Users/Minjae/Documents/MJ-sat-diagnostic-test/server.js:53:19)
    at async Promise.all (index 0)
    at async /Users/Minjae/Documents/MJ-sat-diagnostic-test/server.js:392:35 {
  errno: -2,
  code: 'ENOENT',
  syscall: 'open',
  path: 'Diagnostic DataBase - Unit DB.csv'
}
Error: ENOENT: no such file or directory, open 'Diagnostic DataBase - Unit DB.csv'
    at async open (node:internal/fs/promises:640:25)
    at async Object.readFile (node:internal/fs/promises:1244:14)
    at async parseCsvFile (/Users/Minjae/Documents/MJ-sat-diagnostic-test/server.js:53:19)
    at async Promise.all (index 0)
    at async /Users/Minjae/Documents/MJ-sat-diagnostic-test/server.js:392:35
Error during Report page generation: Error: ENOENT: no such file or directory, open 'Diagnostic DataBase - Unit DB.csv'
    at async open (node:internal/fs/promises:640:25)
    at async Object.readFile (node:internal/fs/promises:1244:14)
    at async parseCsvFile (/Users/Minjae/Documents/MJ-sat-diagnostic-test/server.js:53:19)
    at async Promise.all (index 0)
    at async /Users/Minjae/Documents/MJ-sat-diagnostic-test/server.js:392:35 {
  errno: -2,
  code: 'ENOENT',
  syscall: 'open',
  path: 'Diagnostic DataBase - Unit DB.csv'
}
Error: ENOENT: no such file or directory, open 'Diagnostic DataBase - Unit DB.csv'
    at async open (node:internal/fs/promises:640:25)
    at async Object.readFile (node:internal/fs/promises:1244:14)
    at async parseCsvFile (/Users/Minjae/Documents/MJ-sat-diagnostic-test/server.js:53:19)
    at async Promise.all (index 0)
    at async /Users/Minjae/Documents/MJ-sat-diagnostic-test/server.js:392:35
Error during Report page generation: Error: ENOENT: no such file or directory, open 'Diagnostic DataBase - Unit DB.csv'
    at async open (node:internal/fs/promises:640:25)
    at async Object.readFile (node:internal/fs/promises:1244:14)
    at async parseCsvFile (/Users/Minjae/Documents/MJ-sat-diagnostic-test/server.js:53:19)
    at async Promise.all (index 0)
    at async /Users/Minjae/Documents/MJ-sat-diagnostic-test/server.js:392:35 {
  errno: -2,
  code: 'ENOENT',
  syscall: 'open',
  path: 'Diagnostic DataBase - Unit DB.csv'
}
Error: ENOENT: no such file or directory, open 'Diagnostic DataBase - Unit DB.csv'
    at async open (node:internal/fs/promises:640:25)
    at async Object.readFile (node:internal/fs/promises:1244:14)
    at async parseCsvFile (/Users/Minjae/Documents/MJ-sat-diagnostic-test/server.js:53:19)
    at async Promise.all (index 0)
    at async /Users/Minjae/Documents/MJ-sat-diagnostic-test/server.js:392:35
Error during Report page generation: Error: ENOENT: no such file or directory, open 'Diagnostic DataBase - Unit DB.csv'
    at async open (node:internal/fs/promises:640:25)
    at async Object.readFile (node:internal/fs/promises:1244:14)
    at async parseCsvFile (/Users/Minjae/Documents/MJ-sat-diagnostic-test/server.js:53:19)
    at async Promise.all (index 0)
    at async /Users/Minjae/Documents/MJ-sat-diagnostic-test/server.js:392:35 {
  errno: -2,
  code: 'ENOENT',
  syscall: 'open',
  path: 'Diagnostic DataBase - Unit DB.csv'
}
Error: ENOENT: no such file or directory, open 'Diagnostic DataBase - Unit DB.csv'
    at async open (node:internal/fs/promises:640:25)
    at async Object.readFile (node:internal/fs/promises:1244:14)
    at async parseCsvFile (/Users/Minjae/Documents/MJ-sat-diagnostic-test/server.js:53:19)
    at async Promise.all (index 0)
    at async /Users/Minjae/Documents/MJ-sat-diagnostic-test/server.js:392:35
Error during Report page generation: Error: ENOENT: no such file or directory, open 'Diagnostic DataBase - Unit DB.csv'
    at async open (node:internal/fs/promises:640:25)
    at async Object.readFile (node:internal/fs/promises:1244:14)
    at async parseCsvFile (/Users/Minjae/Documents/MJ-sat-diagnostic-test/server.js:53:19)
    at async Promise.all (index 0)
    at async /Users/Minjae/Documents/MJ-sat-diagnostic-test/server.js:392:35 {
  errno: -2,
  code: 'ENOENT',
  syscall: 'open',
  path: 'Diagnostic DataBase - Unit DB.csv'
}
Error: ENOENT: no such file or directory, open 'Diagnostic DataBase - Unit DB.csv'
    at async open (node:internal/fs/promises:640:25)
    at async Object.readFile (node:internal/fs/promises:1244:14)
    at async parseCsvFile (/Users/Minjae/Documents/MJ-sat-diagnostic-test/server.js:53:19)
    at async Promise.all (index 0)
    at async /Users/Minjae/Documents/MJ-sat-diagnostic-test/server.js:392:35
Error during Report page generation: Error: ENOENT: no such file or directory, open 'Diagnostic DataBase - Unit DB.csv'
    at async open (node:internal/fs/promises:640:25)
    at async Object.readFile (node:internal/fs/promises:1244:14)
    at async parseCsvFile (/Users/Minjae/Documents/MJ-sat-diagnostic-test/server.js:53:19)
    at async Promise.all (index 0)
    at async /Users/Minjae/Documents/MJ-sat-diagnostic-test/server.js:392:35 {
  errno: -2,
  code: 'ENOENT',
  syscall: 'open',
  path: 'Diagnostic DataBase - Unit DB.csv'
}
Error: ENOENT: no such file or directory, open 'Diagnostic DataBase - Unit DB.csv'
    at async open (node:internal/fs/promises:640:25)
    at async Object.readFile (node:internal/fs/promises:1244:14)
    at async parseCsvFile (/Users/Minjae/Documents/MJ-sat-diagnostic-test/server.js:53:19)
    at async Promise.all (index 0)
    at async /Users/Minjae/Documents/MJ-sat-diagnostic-test/server.js:392:35
Error during Report page generation: Error: ENOENT: no such file or directory, open 'Diagnostic DataBase - Unit DB.csv'
    at async open (node:internal/fs/promises:640:25)
    at async Object.readFile (node:internal/fs/promises:1244:14)
    at async parseCsvFile (/Users/Minjae/Documents/MJ-sat-diagnostic-test/server.js:53:19)
    at async Promise.all (index 0)
    at async /Users/Minjae/Documents/MJ-sat-diagnostic-test/server.js:392:35 {
  errno: -2,
  code: 'ENOENT',
  syscall: 'open',
  path: 'Diagnostic DataBase - Unit DB.csv'
}
Error: ENOENT: no such file or directory, open 'Diagnostic DataBase - Unit DB.csv'
    at async open (node:internal/fs/promises:640:25)
    at async Object.readFile (node:internal/fs/promises:1244:14)
    at async parseCsvFile (/Users/Minjae/Documents/MJ-sat-diagnostic-test/server.js:53:19)
    at async Promise.all (index 0)
    at async /Users/Minjae/Documents/MJ-sat-diagnostic-test/server.js:392:35
Error during Report page generation: Error: ENOENT: no such file or directory, open 'Diagnostic DataBase - Unit DB.csv'
    at async open (node:internal/fs/promises:640:25)
    at async Object.readFile (node:internal/fs/promises:1244:14)
    at async parseCsvFile (/Users/Minjae/Documents/MJ-sat-diagnostic-test/server.js:53:19)
    at async Promise.all (index 0)
    at async /Users/Minjae/Documents/MJ-sat-diagnostic-test/server.js:392:35 {
  errno: -2,
  code: 'ENOENT',
  syscall: 'open',
  path: 'Diagnostic DataBase - Unit DB.csv'
}
Error: ENOENT: no such file or directory, open 'Diagnostic DataBase - Unit DB.csv'
    at async open (node:internal/fs/promises:640:25)
    at async Object.readFile (node:internal/fs/promises:1244:14)
    at async parseCsvFile (/Users/Minjae/Documents/MJ-sat-diagnostic-test/server.js:53:19)
    at async Promise.all (index 0)
    at async /Users/Minjae/Documents/MJ-sat-diagnostic-test/server.js:392:35
Error during Report page generation: Error: ENOENT: no such file or directory, open 'Diagnostic DataBase - Unit DB.csv'
    at async open (node:internal/fs/promises:640:25)
    at async Object.readFile (node:internal/fs/promises:1244:14)
    at async parseCsvFile (/Users/Minjae/Documents/MJ-sat-diagnostic-test/server.js:53:19)
    at async Promise.all (index 0)
    at async /Users/Minjae/Documents/MJ-sat-diagnostic-test/server.js:392:35 {
  errno: -2,
  code: 'ENOENT',
  syscall: 'open',
  path: 'Diagnostic DataBase - Unit DB.csv'
}
Error: ENOENT: no such file or directory, open 'Diagnostic DataBase - Unit DB.csv'
    at async open (node:internal/fs/promises:640:25)
    at async Object.readFile (node:internal/fs/promises:1244:14)
    at async parseCsvFile (/Users/Minjae/Documents/MJ-sat-diagnostic-test/server.js:53:19)
    at async Promise.all (index 0)
    at async /Users/Minjae/Documents/MJ-sat-diagnostic-test/server.js:392:35
Server is running at http://localhost:3000

> admin-question-editor@0.0.0 dev
> vite

Port 5173 is in use, trying another one...

  VITE v7.0.2  ready in 127 ms

  ➜  Local:   http://localhost:5174/
  ➜  Network: use --host to expose
  ➜  press h + enter to show help
Error during Report page generation: Error: ENOENT: no such file or directory, open 'Diagnostic DataBase - Unit DB.csv'
    at async open (node:internal/fs/promises:640:25)
    at async Object.readFile (node:internal/fs/promises:1244:14)
    at async parseCsvFile (/Users/Minjae/Documents/MJ-sat-diagnostic-test/server.js:53:19)
    at async Promise.all (index 0)
    at async /Users/Minjae/Documents/MJ-sat-diagnostic-test/server.js:392:35 {
  errno: -2,
  code: 'ENOENT',
  syscall: 'open',
  path: 'Diagnostic DataBase - Unit DB.csv'
}
Error: ENOENT: no such file or directory, open 'Diagnostic DataBase - Unit DB.csv'
    at async open (node:internal/fs/promises:640:25)
    at async Object.readFile (node:internal/fs/promises:1244:14)
    at async parseCsvFile (/Users/Minjae/Documents/MJ-sat-diagnostic-test/server.js:53:19)
    at async Promise.all (index 0)
    at async /Users/Minjae/Documents/MJ-sat-diagnostic-test/server.js:392:35
Error during Report page generation: Error: ENOENT: no such file or directory, open 'Diagnostic DataBase - Unit DB.csv'
    at async open (node:internal/fs/promises:640:25)
    at async Object.readFile (node:internal/fs/promises:1244:14)
    at async parseCsvFile (/Users/Minjae/Documents/MJ-sat-diagnostic-test/server.js:53:19)
    at async Promise.all (index 0)
    at async /Users/Minjae/Documents/MJ-sat-diagnostic-test/server.js:392:35 {
  errno: -2,
  code: 'ENOENT',
  syscall: 'open',
  path: 'Diagnostic DataBase - Unit DB.csv'
}
Error: ENOENT: no such file or directory, open 'Diagnostic DataBase - Unit DB.csv'
    at async open (node:internal/fs/promises:640:25)
    at async Object.readFile (node:internal/fs/promises:1244:14)
    at async parseCsvFile (/Users/Minjae/Documents/MJ-sat-diagnostic-test/server.js:53:19)
    at async Promise.all (index 0)
    at async /Users/Minjae/Documents/MJ-sat-diagnostic-test/server.js:392:35
Error during Report page generation: Error: ENOENT: no such file or directory, open 'Diagnostic DataBase - Unit DB.csv'
    at async open (node:internal/fs/promises:640:25)
    at async Object.readFile (node:internal/fs/promises:1244:14)
    at async parseCsvFile (/Users/Minjae/Documents/MJ-sat-diagnostic-test/server.js:53:19)
    at async Promise.all (index 0)
    at async /Users/Minjae/Documents/MJ-sat-diagnostic-test/server.js:392:35 {
  errno: -2,
  code: 'ENOENT',
  syscall: 'open',
  path: 'Diagnostic DataBase - Unit DB.csv'
}
Error: ENOENT: no such file or directory, open 'Diagnostic DataBase - Unit DB.csv'
    at async open (node:internal/fs/promises:640:25)
    at async Object.readFile (node:internal/fs/promises:1244:14)
    at async parseCsvFile (/Users/Minjae/Documents/MJ-sat-diagnostic-test/server.js:53:19)
    at async Promise.all (index 0)
    at async /Users/Minjae/Documents/MJ-sat-diagnostic-test/server.js:392:35
Error during Report page generation: Error: ENOENT: no such file or directory, open 'Diagnostic DataBase - Unit DB.csv'
    at async open (node:internal/fs/promises:640:25)
    at async Object.readFile (node:internal/fs/promises:1244:14)
    at async parseCsvFile (/Users/Minjae/Documents/MJ-sat-diagnostic-test/server.js:53:19)
    at async Promise.all (index 0)
    at async /Users/Minjae/Documents/MJ-sat-diagnostic-test/server.js:392:35 {
  errno: -2,
  code: 'ENOENT',
  syscall: 'open',
  path: 'Diagnostic DataBase - Unit DB.csv'
}
Error: ENOENT: no such file or directory, open 'Diagnostic DataBase - Unit DB.csv'
    at async open (node:internal/fs/promises:640:25)
    at async Object.readFile (node:internal/fs/promises:1244:14)
    at async parseCsvFile (/Users/Minjae/Documents/MJ-sat-diagnostic-test/server.js:53:19)
    at async Promise.all (index 0)
    at async /Users/Minjae/Documents/MJ-sat-diagnostic-test/server.js:392:35
Error during Submit processing: Error: ENOENT: no such file or directory, open 'questions.csv'
    at async open (node:internal/fs/promises:640:25)
    at async Object.readFile (node:internal/fs/promises:1244:14)
    at async /Users/Minjae/Documents/MJ-sat-diagnostic-test/server.js:236:30 {
  errno: -2,
  code: 'ENOENT',
  syscall: 'open',
  path: 'questions.csv'
}
Error: ENOENT: no such file or directory, open 'questions.csv'
    at async open (node:internal/fs/promises:640:25)
    at async Object.readFile (node:internal/fs/promises:1244:14)
    at async /Users/Minjae/Documents/MJ-sat-diagnostic-test/server.js:236:30
Error during Submit processing: Error: ENOENT: no such file or directory, open 'questions.csv'
    at async open (node:internal/fs/promises:640:25)
    at async Object.readFile (node:internal/fs/promises:1244:14)
    at async /Users/Minjae/Documents/MJ-sat-diagnostic-test/server.js:236:30 {
  errno: -2,
  code: 'ENOENT',
  syscall: 'open',
  path: 'questions.csv'
}
Error: ENOENT: no such file or directory, open 'questions.csv'
    at async open (node:internal/fs/promises:640:25)
    at async Object.readFile (node:internal/fs/promises:1244:14)
    at async /Users/Minjae/Documents/MJ-sat-diagnostic-test/server.js:236:30
Error during Report page generation: Error: ENOENT: no such file or directory, open 'Diagnostic DataBase - Question Rationale DB.csv'
    at async open (node:internal/fs/promises:640:25)
    at async Object.readFile (node:internal/fs/promises:1244:14)
    at async parseCsvFile (/Users/Minjae/Documents/MJ-sat-diagnostic-test/server.js:53:19)
    at async Promise.all (index 1)
    at async /Users/Minjae/Documents/MJ-sat-diagnostic-test/server.js:392:35 {
  errno: -2,
  code: 'ENOENT',
  syscall: 'open',
  path: 'Diagnostic DataBase - Question Rationale DB.csv'
}
Error: ENOENT: no such file or directory, open 'Diagnostic DataBase - Question Rationale DB.csv'
    at async open (node:internal/fs/promises:640:25)
    at async Object.readFile (node:internal/fs/promises:1244:14)
    at async parseCsvFile (/Users/Minjae/Documents/MJ-sat-diagnostic-test/server.js:53:19)
    at async Promise.all (index 1)
    at async /Users/Minjae/Documents/MJ-sat-diagnostic-test/server.js:392:35
Error during Report page generation: Error: ENOENT: no such file or directory, open 'Diagnostic DataBase - Unit DB.csv'
    at async open (node:internal/fs/promises:640:25)
    at async Object.readFile (node:internal/fs/promises:1244:14)
    at async parseCsvFile (/Users/Minjae/Documents/MJ-sat-diagnostic-test/server.js:53:19)
    at async Promise.all (index 0)
    at async /Users/Minjae/Documents/MJ-sat-diagnostic-test/server.js:392:35 {
  errno: -2,
  code: 'ENOENT',
  syscall: 'open',
  path: 'Diagnostic DataBase - Unit DB.csv'
}
Error: ENOENT: no such file or directory, open 'Diagnostic DataBase - Unit DB.csv'
    at async open (node:internal/fs/promises:640:25)
    at async Object.readFile (node:internal/fs/promises:1244:14)
    at async parseCsvFile (/Users/Minjae/Documents/MJ-sat-diagnostic-test/server.js:53:19)
    at async Promise.all (index 0)
    at async /Users/Minjae/Documents/MJ-sat-diagnostic-test/server.js:392:35
Error during Report page generation: Error: ENOENT: no such file or directory, open 'Diagnostic DataBase - Unit DB.csv'
    at async open (node:internal/fs/promises:640:25)
    at async Object.readFile (node:internal/fs/promises:1244:14)
    at async parseCsvFile (/Users/Minjae/Documents/MJ-sat-diagnostic-test/server.js:53:19)
    at async Promise.all (index 0)
    at async /Users/Minjae/Documents/MJ-sat-diagnostic-test/server.js:392:35 {
  errno: -2,
  code: 'ENOENT',
  syscall: 'open',
  path: 'Diagnostic DataBase - Unit DB.csv'
}
Error: ENOENT: no such file or directory, open 'Diagnostic DataBase - Unit DB.csv'
    at async open (node:internal/fs/promises:640:25)
    at async Object.readFile (node:internal/fs/promises:1244:14)
    at async parseCsvFile (/Users/Minjae/Documents/MJ-sat-diagnostic-test/server.js:53:19)
    at async Promise.all (index 0)
    at async /Users/Minjae/Documents/MJ-sat-diagnostic-test/server.js:392:35
Error during Report page generation: Error: ENOENT: no such file or directory, open 'Diagnostic DataBase - Unit DB.csv'
    at async open (node:internal/fs/promises:640:25)
    at async Object.readFile (node:internal/fs/promises:1244:14)
    at async parseCsvFile (/Users/Minjae/Documents/MJ-sat-diagnostic-test/server.js:53:19)
    at async Promise.all (index 0)
    at async /Users/Minjae/Documents/MJ-sat-diagnostic-test/server.js:392:35 {
  errno: -2,
  code: 'ENOENT',
  syscall: 'open',
  path: 'Diagnostic DataBase - Unit DB.csv'
}
Error: ENOENT: no such file or directory, open 'Diagnostic DataBase - Unit DB.csv'
    at async open (node:internal/fs/promises:640:25)
    at async Object.readFile (node:internal/fs/promises:1244:14)
    at async parseCsvFile (/Users/Minjae/Documents/MJ-sat-diagnostic-test/server.js:53:19)
    at async Promise.all (index 0)
    at async /Users/Minjae/Documents/MJ-sat-diagnostic-test/server.js:392:35
